[0m18:20:27.317630 [debug] [MainThread]: Sending event: {'category': 'dbt', 'action': 'invocation', 'label': 'start', 'context': [<snowplow_tracker.self_describing_json.SelfDescribingJson object at 0x000001C8C0EEAE50>, <snowplow_tracker.self_describing_json.SelfDescribingJson object at 0x000001C8C0E803D0>, <snowplow_tracker.self_describing_json.SelfDescribingJson object at 0x000001C8C0EEBBD0>]}


============================== 18:20:27.332731 | 2d1eb21b-cab7-4fa0-8d45-ee411a7ba797 ==============================
[0m18:20:27.332731 [info ] [MainThread]: Running with dbt=1.10.4
[0m18:20:27.333729 [debug] [MainThread]: running dbt with arguments {'printer_width': '80', 'indirect_selection': 'eager', 'log_cache_events': 'False', 'write_json': 'True', 'partial_parse': 'True', 'cache_selected_only': 'False', 'profiles_dir': 'C:\\Users\\abhin\\.dbt', 'version_check': 'True', 'fail_fast': 'False', 'log_path': 'logs', 'warn_error': 'None', 'debug': 'False', 'use_colors': 'True', 'use_experimental_parser': 'False', 'empty': 'None', 'quiet': 'False', 'no_print': 'None', 'warn_error_options': 'WarnErrorOptionsV2(error=[], warn=[], silence=[])', 'static_parser': 'True', 'introspect': 'True', 'log_format': 'default', 'target_path': 'None', 'invocation_command': 'dbt debug', 'send_anonymous_usage_stats': 'True'}
[0m18:20:27.713421 [info ] [MainThread]: dbt version: 1.10.4
[0m18:20:27.723821 [info ] [MainThread]: python version: 3.11.9
[0m18:20:27.723821 [info ] [MainThread]: python path: C:\Users\abhin\OneDrive\Desktop\Code\analytics-engineering\dbt\myenv\Scripts\python.exe
[0m18:20:27.728227 [info ] [MainThread]: os info: Windows-10-10.0.26100-SP0
[0m18:20:33.671238 [info ] [MainThread]: Using profiles dir at C:\Users\abhin\.dbt
[0m18:20:33.672194 [info ] [MainThread]: Using profiles.yml file at C:\Users\abhin\.dbt\profiles.yml
[0m18:20:33.674227 [info ] [MainThread]: Using dbt_project.yml file at C:\Users\abhin\OneDrive\Desktop\Code\analytics-engineering\dbt\dbt_project.yml
[0m18:20:33.682286 [info ] [MainThread]: adapter type: snowflake
[0m18:20:33.684298 [info ] [MainThread]: adapter version: 1.10.0
[0m18:20:33.686437 [info ] [MainThread]: Configuration:
[0m18:20:33.687452 [info ] [MainThread]:   profiles.yml file [[32mOK found and valid[0m]
[0m18:20:33.689589 [info ] [MainThread]:   dbt_project.yml file [[31mERROR not found[0m]
[0m18:20:33.691034 [info ] [MainThread]: Required dependencies:
[0m18:20:33.691891 [debug] [MainThread]: Executing "git --help"
[0m18:20:33.749029 [debug] [MainThread]: STDOUT: "b"usage: git [-v | --version] [-h | --help] [-C <path>] [-c <name>=<value>]\n           [--exec-path[=<path>]] [--html-path] [--man-path] [--info-path]\n           [-p | --paginate | -P | --no-pager] [--no-replace-objects] [--no-lazy-fetch]\n           [--no-optional-locks] [--no-advice] [--bare] [--git-dir=<path>]\n           [--work-tree=<path>] [--namespace=<name>] [--config-env=<name>=<envvar>]\n           <command> [<args>]\n\nThese are common Git commands used in various situations:\n\nstart a working area (see also: git help tutorial)\n   clone      Clone a repository into a new directory\n   init       Create an empty Git repository or reinitialize an existing one\n\nwork on the current change (see also: git help everyday)\n   add        Add file contents to the index\n   mv         Move or rename a file, a directory, or a symlink\n   restore    Restore working tree files\n   rm         Remove files from the working tree and from the index\n\nexamine the history and state (see also: git help revisions)\n   bisect     Use binary search to find the commit that introduced a bug\n   diff       Show changes between commits, commit and working tree, etc\n   grep       Print lines matching a pattern\n   log        Show commit logs\n   show       Show various types of objects\n   status     Show the working tree status\n\ngrow, mark and tweak your common history\n   backfill   Download missing objects in a partial clone\n   branch     List, create, or delete branches\n   commit     Record changes to the repository\n   merge      Join two or more development histories together\n   rebase     Reapply commits on top of another base tip\n   reset      Reset current HEAD to the specified state\n   switch     Switch branches\n   tag        Create, list, delete or verify a tag object signed with GPG\n\ncollaborate (see also: git help workflows)\n   fetch      Download objects and refs from another repository\n   pull       Fetch from and integrate with another repository or a local branch\n   push       Update remote refs along with associated objects\n\n'git help -a' and 'git help -g' list available subcommands and some\nconcept guides. See 'git help <command>' or 'git help <concept>'\nto read about a specific subcommand or concept.\nSee 'git help git' for an overview of the system.\n""
[0m18:20:33.750049 [debug] [MainThread]: STDERR: "b''"
[0m18:20:33.751028 [info ] [MainThread]:  - git [[32mOK found[0m]

[0m18:20:33.752034 [info ] [MainThread]: Connection:
[0m18:20:33.753037 [info ] [MainThread]:   account: UKGBLGW-BXB29261
[0m18:20:33.754030 [info ] [MainThread]:   user: ABKR
[0m18:20:33.756115 [info ] [MainThread]:   database: SNOWFLAKE
[0m18:20:33.757596 [info ] [MainThread]:   warehouse: COMPUTE_WH
[0m18:20:33.757596 [info ] [MainThread]:   role: ACCOUNTADMIN
[0m18:20:33.760347 [info ] [MainThread]:   schema: ACCOUNT_USAGE
[0m18:20:33.761361 [info ] [MainThread]:   authenticator: None
[0m18:20:33.762385 [info ] [MainThread]:   oauth_client_id: None
[0m18:20:33.764360 [info ] [MainThread]:   query_tag: None
[0m18:20:33.764360 [info ] [MainThread]:   client_session_keep_alive: False
[0m18:20:33.764360 [info ] [MainThread]:   host: None
[0m18:20:33.764360 [info ] [MainThread]:   port: None
[0m18:20:33.770595 [info ] [MainThread]:   proxy_host: None
[0m18:20:33.771896 [info ] [MainThread]:   proxy_port: None
[0m18:20:33.772911 [info ] [MainThread]:   protocol: None
[0m18:20:33.774554 [info ] [MainThread]:   connect_retries: 1
[0m18:20:33.776570 [info ] [MainThread]:   connect_timeout: None
[0m18:20:33.778585 [info ] [MainThread]:   retry_on_database_errors: False
[0m18:20:33.780609 [info ] [MainThread]:   retry_all: False
[0m18:20:33.780609 [info ] [MainThread]:   insecure_mode: False
[0m18:20:33.782624 [info ] [MainThread]:   reuse_connections: True
[0m18:20:33.784639 [info ] [MainThread]:   s3_stage_vpce_dns_name: None
[0m18:20:33.788668 [info ] [MainThread]: Registered adapter: snowflake=1.10.0
[0m18:20:34.300967 [debug] [MainThread]: Acquiring new snowflake connection 'debug'
[0m18:20:37.719750 [debug] [MainThread]: Using snowflake connection "debug"
[0m18:20:37.721760 [debug] [MainThread]: On debug: select 1 as id
[0m18:20:37.721760 [debug] [MainThread]: Opening a new connection, currently in state init
[0m18:20:38.325543 [debug] [MainThread]: Snowflake adapter: Error running SQL: select 1 as id
[0m18:20:38.325543 [debug] [MainThread]: Snowflake adapter: Rolling back transaction.
[0m18:20:38.325543 [info ] [MainThread]:   Connection test: [[31mERROR[0m]

[0m18:20:38.325543 [info ] [MainThread]: [31m2 checks failed:[0m
[0m18:20:38.325543 [info ] [MainThread]: Project loading failed for the following reason:
 project path <C:\Users\abhin\OneDrive\Desktop\Code\analytics-engineering\dbt\dbt_project.yml> not found

[0m18:20:38.325543 [info ] [MainThread]: dbt was unable to connect to the specified database.
The database returned the following error:

  >Database Error
  250001 (08001): Failed to connect to DB: UKGBLGW-BXB29261.snowflakecomputing.com:443. Incorrect username or password was specified.

Check your database credentials and try again. For more information, visit:
https://docs.getdbt.com/docs/configure-your-profile


[0m18:20:38.325543 [debug] [MainThread]: Command `dbt debug` failed at 18:20:38.325543 after 11.13 seconds
[0m18:20:38.336728 [debug] [MainThread]: Connection 'debug' was left open.
[0m18:20:38.337756 [debug] [MainThread]: On debug: No close available on handle
[0m18:20:38.337756 [debug] [MainThread]: Sending event: {'category': 'dbt', 'action': 'invocation', 'label': 'end', 'context': [<snowplow_tracker.self_describing_json.SelfDescribingJson object at 0x000001C8BBC77E50>, <snowplow_tracker.self_describing_json.SelfDescribingJson object at 0x000001C8C0EEBBD0>, <snowplow_tracker.self_describing_json.SelfDescribingJson object at 0x000001C8C0EEADD0>]}
[0m18:20:38.340294 [debug] [MainThread]: Flushing usage events
[0m18:20:38.822171 [debug] [MainThread]: An error was encountered while trying to flush usage events
